<?xml version="1.0" encoding="UTF-8"?>
<!-- Generated by org.testng.reporters.JUnitReportReporter -->
<testsuite skipped="0" hostname="sumas-MacBook-Pro.local" name="com.purgomalum.runner.TestRunner" tests="1" failures="0" timestamp="2020-12-14T12:36:51 GMT" time="4.548" errors="0">
  <testcase name="feature" time="4.548" classname="com.purgomalum.runner.TestRunner"/>
</testsuite> <!-- com.purgomalum.runner.TestRunner -->
